INFO 2011-05-17 13:31:12 - =======================================================
INFO 2011-05-17 13:31:12 - Machine Name:FQ-201010071840
INFO 2011-05-17 13:31:12 - Date Of Execution:2011-5-17 13:31:12
INFO 2011-05-25 19:50:20 - =======================================================
INFO 2011-05-25 19:50:20 - Machine Name:FQ-201010071840
INFO 2011-05-25 19:50:20 - Date Of Execution:2011-5-25 19:50:20
INFO 2011-05-25 19:50:35 - =======================================================
INFO 2011-05-25 19:50:35 - Machine Name:FQ-201010071840
INFO 2011-05-25 19:50:35 - Date Of Execution:2011-5-25 19:50:35
INFO 2011-05-25 20:53:45 - =======================================================
INFO 2011-05-25 20:53:45 - Machine Name:FQ-201010071840
INFO 2011-05-25 20:53:45 - Date Of Execution:2011-5-25 20:53:45
INFO 2011-05-25 20:53:57 - =======================================================
INFO 2011-05-25 20:53:57 - Machine Name:FQ-201010071840
INFO 2011-05-25 20:53:57 - Date Of Execution:2011-5-25 20:53:57
INFO 2011-12-20 13:57:41 - =======================================================
INFO 2011-12-20 13:57:41 - Machine Name:XIAODONGGONG-PC
INFO 2011-12-20 13:57:41 - Date Of Execution:2011/12/20 13:57:41
INFO 2011-12-20 13:57:50 - =======================================================
INFO 2011-12-20 13:57:50 - Machine Name:XIAODONGGONG-PC
INFO 2011-12-20 13:57:50 - Date Of Execution:2011/12/20 13:57:50
INFO 2011-12-20 13:59:46 - =======================================================
INFO 2011-12-20 13:59:46 - Machine Name:XIAODONGGONG-PC
INFO 2011-12-20 13:59:46 - Date Of Execution:2011/12/20 13:59:46
INFO 2011-12-20 14:00:19 - =======================================================
INFO 2011-12-20 14:00:19 - Machine Name:XIAODONGGONG-PC
INFO 2011-12-20 14:00:19 - Date Of Execution:2011/12/20 14:00:19
INFO 2011-12-20 14:00:52 - =======================================================
INFO 2011-12-20 14:00:52 - Machine Name:XIAODONGGONG-PC
INFO 2011-12-20 14:00:52 - Date Of Execution:2011/12/20 14:00:52
INFO 2011-12-20 14:01:14 - =======================================================
INFO 2011-12-20 14:01:14 - Machine Name:XIAODONGGONG-PC
INFO 2011-12-20 14:01:14 - Date Of Execution:2011/12/20 14:01:14
INFO 2011-12-20 14:01:42 - =======================================================
INFO 2011-12-20 14:01:42 - Machine Name:XIAODONGGONG-PC
INFO 2011-12-20 14:01:42 - Date Of Execution:2011/12/20 14:01:42
INFO 2011-12-20 14:02:04 - =======================================================
INFO 2011-12-20 14:02:04 - Machine Name:XIAODONGGONG-PC
INFO 2011-12-20 14:02:04 - Date Of Execution:2011/12/20 14:02:04
INFO 2011-12-21 12:23:15 - =======================================================
INFO 2011-12-21 12:23:15 - Machine Name:XIAODONGGONG-PC
INFO 2011-12-21 12:23:15 - Date Of Execution:2011/12/21 12:23:15
INFO 2011-12-21 12:23:22 - =======================================================
INFO 2011-12-21 12:23:22 - Machine Name:XIAODONGGONG-PC
INFO 2011-12-21 12:23:22 - Date Of Execution:2011/12/21 12:23:22
INFO 2012-01-01 13:20:40 - =======================================================
INFO 2012-01-01 13:20:40 - Machine Name:XIAODONGGONG-PC
INFO 2012-01-01 13:20:40 - Date Of Execution:2012/1/1 13:20:40
INFO 2012-01-01 13:21:22 - =======================================================
INFO 2012-01-01 13:21:22 - Machine Name:XIAODONGGONG-PC
INFO 2012-01-01 13:21:22 - Date Of Execution:2012/1/1 13:21:22
INFO 2012-01-01 13:38:02 - =======================================================
INFO 2012-01-01 13:38:02 - Machine Name:XIAODONGGONG-PC
INFO 2012-01-01 13:38:02 - Date Of Execution:2012/1/1 13:38:02
INFO 2012-01-01 14:01:47 - =======================================================
INFO 2012-01-01 14:01:47 - Machine Name:XIAODONGGONG-PC
INFO 2012-01-01 14:01:47 - Date Of Execution:2012/1/1 14:01:47
INFO 2017-09-26 11:11:45 - =======================================================
INFO 2017-09-26 11:11:45 - Machine Name:GAO-PC
INFO 2017-09-26 11:11:45 - Date Of Execution:2017/9/26 11:11:45
INFO 2017-09-26 11:11:56 - =======================================================
INFO 2017-09-26 11:11:56 - Machine Name:GAO-PC
INFO 2017-09-26 11:11:56 - Date Of Execution:2017/9/26 11:11:56
INFO 2017-10-16 15:02:13 - =======================================================
INFO 2017-10-16 15:02:13 - Machine Name:GAO-PC
INFO 2017-10-16 15:02:13 - Date Of Execution:2017/10/16 15:02:13
INFO 2017-10-16 15:02:20 - =======================================================
INFO 2017-10-16 15:02:20 - Machine Name:GAO-PC
INFO 2017-10-16 15:02:20 - Date Of Execution:2017/10/16 15:02:20
INFO 2017-11-07 11:31:09 - =======================================================
INFO 2017-11-07 11:31:09 - Machine Name:GAO-PC
INFO 2017-11-07 11:31:09 - Date Of Execution:2017/11/7 11:31:09
INFO 2017-11-07 11:31:14 - =======================================================
INFO 2017-11-07 11:31:14 - Machine Name:GAO-PC
INFO 2017-11-07 11:31:14 - Date Of Execution:2017/11/7 11:31:14
INFO 2017-11-20 21:29:49 - =======================================================
INFO 2017-11-20 21:29:49 - Machine Name:GAO-PC
INFO 2017-11-20 21:29:49 - Date Of Execution:2017/11/20 21:29:49
INFO 2017-11-20 21:29:54 - =======================================================
INFO 2017-11-20 21:29:54 - Machine Name:GAO-PC
INFO 2017-11-20 21:29:54 - Date Of Execution:2017/11/20 21:29:54
INFO 2017-11-25 15:43:40 - =======================================================
INFO 2017-11-25 15:43:40 - Machine Name:GAO-PC
INFO 2017-11-25 15:43:40 - Date Of Execution:2017/11/25 15:43:40
INFO 2017-11-25 15:43:45 - =======================================================
INFO 2017-11-25 15:43:45 - Machine Name:GAO-PC
INFO 2017-11-25 15:43:45 - Date Of Execution:2017/11/25 15:43:45
INFO 2018-01-02 16:36:07 - =======================================================
INFO 2018-01-02 16:36:07 - Machine Name:GAO-PC
INFO 2018-01-02 16:36:07 - Date Of Execution:2018/1/2 16:36:07
INFO 2018-01-02 16:36:12 - =======================================================
INFO 2018-01-02 16:36:12 - Machine Name:GAO-PC
INFO 2018-01-02 16:36:12 - Date Of Execution:2018/1/2 16:36:12
INFO 2018-04-02 16:35:57 - =======================================================
INFO 2018-04-02 16:35:57 - Machine Name:GAO-PC
INFO 2018-04-02 16:35:57 - Date Of Execution:2018/4/2 16:35:57
INFO 2018-04-02 16:36:02 - =======================================================
INFO 2018-04-02 16:36:02 - Machine Name:GAO-PC
INFO 2018-04-02 16:36:02 - Date Of Execution:2018/4/2 16:36:02
INFO 2018-04-02 16:37:19 - =======================================================
INFO 2018-04-02 16:37:19 - Machine Name:GAO-PC
INFO 2018-04-02 16:37:19 - Date Of Execution:2018/4/2 16:37:19
INFO 2018-04-02 16:37:46 - =======================================================
INFO 2018-04-02 16:37:46 - Machine Name:GAO-PC
INFO 2018-04-02 16:37:46 - Date Of Execution:2018/4/2 16:37:46
INFO 2018-04-02 16:38:03 - =======================================================
INFO 2018-04-02 16:38:03 - Machine Name:GAO-PC
INFO 2018-04-02 16:38:03 - Date Of Execution:2018/4/2 16:38:03
INFO 2018-04-02 16:38:19 - =======================================================
INFO 2018-04-02 16:38:19 - Machine Name:GAO-PC
INFO 2018-04-02 16:38:19 - Date Of Execution:2018/4/2 16:38:19
INFO 2018-05-24 14:57:16 - =======================================================
INFO 2018-05-24 14:57:16 - Machine Name:GAO-PC
INFO 2018-05-24 14:57:16 - Date Of Execution:2018/5/24 14:57:16
INFO 2018-05-24 14:57:48 - =======================================================
INFO 2018-05-24 14:57:48 - Machine Name:GAO-PC
INFO 2018-05-24 14:57:48 - Date Of Execution:2018/5/24 14:57:48
INFO 2018-05-24 14:59:01 - =======================================================
INFO 2018-05-24 14:59:01 - Machine Name:GAO-PC
INFO 2018-05-24 14:59:01 - Date Of Execution:2018/5/24 14:59:01
INFO 2018-05-24 14:59:27 - =======================================================
INFO 2018-05-24 14:59:27 - Machine Name:GAO-PC
INFO 2018-05-24 14:59:27 - Date Of Execution:2018/5/24 14:59:27
INFO 2018-05-24 14:59:47 - =======================================================
INFO 2018-05-24 14:59:47 - Machine Name:GAO-PC
INFO 2018-05-24 14:59:47 - Date Of Execution:2018/5/24 14:59:47
INFO 2018-05-24 15:00:14 - =======================================================
INFO 2018-05-24 15:00:14 - Machine Name:GAO-PC
INFO 2018-05-24 15:00:14 - Date Of Execution:2018/5/24 15:00:14
INFO 2018-05-24 15:00:37 - =======================================================
INFO 2018-05-24 15:00:37 - Machine Name:GAO-PC
INFO 2018-05-24 15:00:37 - Date Of Execution:2018/5/24 15:00:37
INFO 2018-05-24 15:01:41 - =======================================================
INFO 2018-05-24 15:01:41 - Machine Name:GAO-PC
INFO 2018-05-24 15:01:41 - Date Of Execution:2018/5/24 15:01:41
INFO 2018-05-24 15:01:59 - =======================================================
INFO 2018-05-24 15:01:59 - Machine Name:GAO-PC
INFO 2018-05-24 15:01:59 - Date Of Execution:2018/5/24 15:01:59
INFO 2018-05-24 15:02:35 - =======================================================
INFO 2018-05-24 15:02:35 - Machine Name:GAO-PC
INFO 2018-05-24 15:02:35 - Date Of Execution:2018/5/24 15:02:35
INFO 2018-05-24 15:03:07 - =======================================================
INFO 2018-05-24 15:03:07 - Machine Name:GAO-PC
INFO 2018-05-24 15:03:07 - Date Of Execution:2018/5/24 15:03:07
INFO 2018-05-24 15:03:20 - =======================================================
INFO 2018-05-24 15:03:20 - Machine Name:GAO-PC
INFO 2018-05-24 15:03:20 - Date Of Execution:2018/5/24 15:03:20
INFO 2018-06-01 16:36:05 - =======================================================
INFO 2018-06-01 16:36:05 - Machine Name:GAO-PC
INFO 2018-06-01 16:36:05 - Date Of Execution:2018/6/1 16:36:05
INFO 2018-06-01 16:36:10 - =======================================================
INFO 2018-06-01 16:36:10 - Machine Name:GAO-PC
INFO 2018-06-01 16:36:10 - Date Of Execution:2018/6/1 16:36:10
INFO 2018-06-03 11:27:15 - =======================================================
INFO 2018-06-03 11:27:15 - Machine Name:GAO-PC
INFO 2018-06-03 11:27:15 - Date Of Execution:2018/6/3 11:27:15
INFO 2018-06-03 11:27:20 - =======================================================
INFO 2018-06-03 11:27:20 - Machine Name:GAO-PC
INFO 2018-06-03 11:27:20 - Date Of Execution:2018/6/3 11:27:20
INFO 2018-06-05 21:33:19 - =======================================================
INFO 2018-06-05 21:33:19 - Machine Name:GAO-PC
INFO 2018-06-05 21:33:19 - Date Of Execution:2018/6/5 21:33:19
INFO 2018-06-05 21:33:24 - =======================================================
INFO 2018-06-05 21:33:24 - Machine Name:GAO-PC
INFO 2018-06-05 21:33:24 - Date Of Execution:2018/6/5 21:33:24
INFO 2018-06-07 16:21:34 - =======================================================
INFO 2018-06-07 16:21:34 - Machine Name:GAO-PC
INFO 2018-06-07 16:21:34 - Date Of Execution:2018/6/7 16:21:34
INFO 2018-06-07 16:21:39 - =======================================================
INFO 2018-06-07 16:21:39 - Machine Name:GAO-PC
INFO 2018-06-07 16:21:39 - Date Of Execution:2018/6/7 16:21:39
INFO 2020-09-14 09:29:01 - =======================================================
INFO 2020-09-14 09:29:01 - Machine Name:MS-NPYXPPVPVQIS
INFO 2020-09-14 09:29:01 - Date Of Execution:2020/9/14 9:29:01
INFO 2020-09-14 09:29:08 - =======================================================
INFO 2020-09-14 09:29:08 - Machine Name:MS-NPYXPPVPVQIS
INFO 2020-09-14 09:29:08 - Date Of Execution:2020/9/14 9:29:08
INFO 2020-09-24 10:39:36 - =======================================================
INFO 2020-09-24 10:39:36 - Machine Name:DESKTOP-BH53L8T
INFO 2020-09-24 10:39:36 - Date Of Execution:2020/9/24 10:39:36
INFO 2020-09-24 10:39:42 - =======================================================
INFO 2020-09-24 10:39:42 - Machine Name:DESKTOP-BH53L8T
INFO 2020-09-24 10:39:42 - Date Of Execution:2020/9/24 10:39:42
INFO 2020-09-30 14:01:47 - =======================================================
INFO 2020-09-30 14:01:47 - Machine Name:DESKTOP-BH53L8T
INFO 2020-09-30 14:01:47 - Date Of Execution:2020/9/30 14:01:47
INFO 2020-09-30 14:01:52 - =======================================================
INFO 2020-09-30 14:01:52 - Machine Name:DESKTOP-BH53L8T
INFO 2020-09-30 14:01:52 - Date Of Execution:2020/9/30 14:01:52
INFO 2020-10-13 17:57:49 - =======================================================
INFO 2020-10-13 17:57:49 - Machine Name:DESKTOP-BH53L8T
INFO 2020-10-13 17:57:49 - Date Of Execution:2020/10/13 17:57:49
INFO 2020-10-13 17:57:54 - =======================================================
INFO 2020-10-13 17:57:54 - Machine Name:DESKTOP-BH53L8T
INFO 2020-10-13 17:57:54 - Date Of Execution:2020/10/13 17:57:54
INFO 2020-10-27 14:17:42 - =======================================================
INFO 2020-10-27 14:17:42 - Machine Name:DESKTOP-BH53L8T
INFO 2020-10-27 14:17:42 - Date Of Execution:2020/10/27 14:17:42
INFO 2020-10-27 14:17:47 - =======================================================
INFO 2020-10-27 14:17:47 - Machine Name:DESKTOP-BH53L8T
INFO 2020-10-27 14:17:47 - Date Of Execution:2020/10/27 14:17:47
INFO 2020-10-27 14:18:22 - =======================================================
INFO 2020-10-27 14:18:22 - Machine Name:DESKTOP-BH53L8T
INFO 2020-10-27 14:18:22 - Date Of Execution:2020/10/27 14:18:22
INFO 2020-10-27 14:18:28 - =======================================================
INFO 2020-10-27 14:18:28 - Machine Name:DESKTOP-BH53L8T
INFO 2020-10-27 14:18:28 - Date Of Execution:2020/10/27 14:18:28
INFO 2020-11-06 14:20:28 - =======================================================
INFO 2020-11-06 14:20:28 - Machine Name:DESKTOP-BH53L8T
INFO 2020-11-06 14:20:28 - Date Of Execution:2020/11/6 14:20:28
INFO 2020-11-06 14:20:33 - =======================================================
INFO 2020-11-06 14:20:33 - Machine Name:DESKTOP-BH53L8T
INFO 2020-11-06 14:20:33 - Date Of Execution:2020/11/6 14:20:33
INFO 2020-11-11 17:35:00 - =======================================================
INFO 2020-11-11 17:35:00 - Machine Name:DESKTOP-BH53L8T
INFO 2020-11-11 17:35:00 - Date Of Execution:2020/11/11 17:35:00
INFO 2020-11-11 17:35:05 - =======================================================
INFO 2020-11-11 17:35:05 - Machine Name:DESKTOP-BH53L8T
INFO 2020-11-11 17:35:05 - Date Of Execution:2020/11/11 17:35:05
INFO 2020-11-11 17:35:34 - =======================================================
INFO 2020-11-11 17:35:34 - Machine Name:DESKTOP-BH53L8T
INFO 2020-11-11 17:35:34 - Date Of Execution:2020/11/11 17:35:34
INFO 2020-11-11 17:35:39 - =======================================================
INFO 2020-11-11 17:35:39 - Machine Name:DESKTOP-BH53L8T
INFO 2020-11-11 17:35:39 - Date Of Execution:2020/11/11 17:35:39
INFO 2020-11-16 10:23:59 - =======================================================
INFO 2020-11-16 10:23:59 - Machine Name:DESKTOP-BH53L8T
INFO 2020-11-16 10:23:59 - Date Of Execution:2020/11/16 10:23:59
INFO 2020-11-16 10:24:04 - =======================================================
INFO 2020-11-16 10:24:04 - Machine Name:DESKTOP-BH53L8T
INFO 2020-11-16 10:24:04 - Date Of Execution:2020/11/16 10:24:04
INFO 2020-11-16 15:25:01 - =======================================================
INFO 2020-11-16 15:25:01 - Machine Name:DESKTOP-BH53L8T
INFO 2020-11-16 15:25:01 - Date Of Execution:2020/11/16 15:25:01
INFO 2020-11-16 15:25:06 - =======================================================
INFO 2020-11-16 15:25:06 - Machine Name:DESKTOP-BH53L8T
INFO 2020-11-16 15:25:06 - Date Of Execution:2020/11/16 15:25:06
INFO 2020-11-27 11:29:09 - =======================================================
INFO 2020-11-27 11:29:09 - Machine Name:DESKTOP-BH53L8T
INFO 2020-11-27 11:29:09 - Date Of Execution:2020/11/27 11:29:09
INFO 2020-11-27 11:29:14 - =======================================================
INFO 2020-11-27 11:29:14 - Machine Name:DESKTOP-BH53L8T
INFO 2020-11-27 11:29:14 - Date Of Execution:2020/11/27 11:29:14
INFO 2020-11-27 11:31:00 - =======================================================
INFO 2020-11-27 11:31:00 - Machine Name:DESKTOP-BH53L8T
INFO 2020-11-27 11:31:00 - Date Of Execution:2020/11/27 11:31:00
INFO 2020-11-27 11:31:07 - =======================================================
INFO 2020-11-27 11:31:07 - Machine Name:DESKTOP-BH53L8T
INFO 2020-11-27 11:31:07 - Date Of Execution:2020/11/27 11:31:07
INFO 2020-11-27 12:43:02 - =======================================================
INFO 2020-11-27 12:43:02 - Machine Name:DESKTOP-BH53L8T
INFO 2020-11-27 12:43:02 - Date Of Execution:2020/11/27 12:43:02
INFO 2020-12-08 12:09:19 - =======================================================
INFO 2020-12-08 12:09:19 - Machine Name:DESKTOP-BH53L8T
INFO 2020-12-08 12:09:19 - Date Of Execution:2020/12/8 12:09:19
INFO 2020-12-08 12:09:23 - =======================================================
INFO 2020-12-08 12:09:23 - Machine Name:DESKTOP-BH53L8T
INFO 2020-12-08 12:09:23 - Date Of Execution:2020/12/8 12:09:23
INFO 2020-12-10 17:35:55 - =======================================================
INFO 2020-12-10 17:35:55 - Machine Name:DESKTOP-BH53L8T
INFO 2020-12-10 17:35:55 - Date Of Execution:2020/12/10 17:35:55
INFO 2020-12-11 09:05:38 - =======================================================
INFO 2020-12-11 09:05:38 - Machine Name:DESKTOP-BH53L8T
INFO 2020-12-11 09:05:38 - Date Of Execution:2020/12/11 9:05:38
INFO 2020-12-11 09:05:46 - =======================================================
INFO 2020-12-11 09:05:46 - Machine Name:DESKTOP-BH53L8T
INFO 2020-12-11 09:05:46 - Date Of Execution:2020/12/11 9:05:46
INFO 2020-12-11 09:07:07 - =======================================================
INFO 2020-12-11 09:07:07 - Machine Name:DESKTOP-BH53L8T
INFO 2020-12-11 09:07:07 - Date Of Execution:2020/12/11 9:07:07
INFO 2020-12-11 09:07:48 - =======================================================
INFO 2020-12-11 09:07:48 - Machine Name:DESKTOP-BH53L8T
INFO 2020-12-11 09:07:48 - Date Of Execution:2020/12/11 9:07:48
INFO 2020-12-11 09:08:19 - =======================================================
INFO 2020-12-11 09:08:19 - Machine Name:DESKTOP-BH53L8T
INFO 2020-12-11 09:08:19 - Date Of Execution:2020/12/11 9:08:19
INFO 2020-12-11 09:09:00 - =======================================================
INFO 2020-12-11 09:09:00 - Machine Name:DESKTOP-BH53L8T
INFO 2020-12-11 09:09:00 - Date Of Execution:2020/12/11 9:09:00
INFO 2020-12-11 09:09:15 - =======================================================
INFO 2020-12-11 09:09:15 - Machine Name:DESKTOP-BH53L8T
INFO 2020-12-11 09:09:15 - Date Of Execution:2020/12/11 9:09:15
INFO 2020-12-11 09:09:31 - =======================================================
INFO 2020-12-11 09:09:31 - Machine Name:DESKTOP-BH53L8T
INFO 2020-12-11 09:09:31 - Date Of Execution:2020/12/11 9:09:31
INFO 2020-12-11 09:09:48 - =======================================================
INFO 2020-12-11 09:09:48 - Machine Name:DESKTOP-BH53L8T
INFO 2020-12-11 09:09:48 - Date Of Execution:2020/12/11 9:09:48
INFO 2020-12-11 09:10:05 - =======================================================
INFO 2020-12-11 09:10:05 - Machine Name:DESKTOP-BH53L8T
INFO 2020-12-11 09:10:05 - Date Of Execution:2020/12/11 9:10:05
INFO 2020-12-11 09:10:24 - =======================================================
INFO 2020-12-11 09:10:24 - Machine Name:DESKTOP-BH53L8T
INFO 2020-12-11 09:10:24 - Date Of Execution:2020/12/11 9:10:24
INFO 2020-12-11 09:10:38 - =======================================================
INFO 2020-12-11 09:10:38 - Machine Name:DESKTOP-BH53L8T
INFO 2020-12-11 09:10:38 - Date Of Execution:2020/12/11 9:10:38
INFO 2020-12-11 09:11:27 - =======================================================
INFO 2020-12-11 09:11:27 - Machine Name:DESKTOP-BH53L8T
INFO 2020-12-11 09:11:27 - Date Of Execution:2020/12/11 9:11:27
INFO 2020-12-11 09:11:52 - =======================================================
INFO 2020-12-11 09:11:52 - Machine Name:DESKTOP-BH53L8T
INFO 2020-12-11 09:11:52 - Date Of Execution:2020/12/11 9:11:52
INFO 2020-12-11 09:12:11 - =======================================================
INFO 2020-12-11 09:12:11 - Machine Name:DESKTOP-BH53L8T
INFO 2020-12-11 09:12:11 - Date Of Execution:2020/12/11 9:12:11
INFO 2020-12-11 09:12:30 - =======================================================
INFO 2020-12-11 09:12:30 - Machine Name:DESKTOP-BH53L8T
INFO 2020-12-11 09:12:30 - Date Of Execution:2020/12/11 9:12:30
INFO 2020-12-11 09:12:48 - =======================================================
INFO 2020-12-11 09:12:48 - Machine Name:DESKTOP-BH53L8T
INFO 2020-12-11 09:12:48 - Date Of Execution:2020/12/11 9:12:48
INFO 2020-12-11 09:13:10 - =======================================================
INFO 2020-12-11 09:13:10 - Machine Name:DESKTOP-BH53L8T
INFO 2020-12-11 09:13:10 - Date Of Execution:2020/12/11 9:13:10
INFO 2020-12-11 09:13:25 - =======================================================
INFO 2020-12-11 09:13:25 - Machine Name:DESKTOP-BH53L8T
INFO 2020-12-11 09:13:25 - Date Of Execution:2020/12/11 9:13:25
INFO 2020-12-11 09:13:40 - =======================================================
INFO 2020-12-11 09:13:40 - Machine Name:DESKTOP-BH53L8T
INFO 2020-12-11 09:13:40 - Date Of Execution:2020/12/11 9:13:40
INFO 2020-12-11 09:13:54 - =======================================================
INFO 2020-12-11 09:13:54 - Machine Name:DESKTOP-BH53L8T
INFO 2020-12-11 09:13:54 - Date Of Execution:2020/12/11 9:13:54
INFO 2020-12-11 09:14:09 - =======================================================
INFO 2020-12-11 09:14:09 - Machine Name:DESKTOP-BH53L8T
INFO 2020-12-11 09:14:09 - Date Of Execution:2020/12/11 9:14:09
INFO 2020-12-11 09:14:28 - =======================================================
INFO 2020-12-11 09:14:28 - Machine Name:DESKTOP-BH53L8T
INFO 2020-12-11 09:14:28 - Date Of Execution:2020/12/11 9:14:28
INFO 2020-12-11 09:14:57 - =======================================================
INFO 2020-12-11 09:14:57 - Machine Name:DESKTOP-BH53L8T
INFO 2020-12-11 09:14:57 - Date Of Execution:2020/12/11 9:14:57
INFO 2020-12-11 09:15:16 - =======================================================
INFO 2020-12-11 09:15:16 - Machine Name:DESKTOP-BH53L8T
INFO 2020-12-11 09:15:16 - Date Of Execution:2020/12/11 9:15:16
INFO 2020-12-11 09:15:40 - =======================================================
INFO 2020-12-11 09:15:40 - Machine Name:DESKTOP-BH53L8T
INFO 2020-12-11 09:15:40 - Date Of Execution:2020/12/11 9:15:40
INFO 2020-12-11 09:15:55 - =======================================================
INFO 2020-12-11 09:15:55 - Machine Name:DESKTOP-BH53L8T
INFO 2020-12-11 09:15:55 - Date Of Execution:2020/12/11 9:15:55
INFO 2020-12-11 09:16:09 - =======================================================
INFO 2020-12-11 09:16:09 - Machine Name:DESKTOP-BH53L8T
INFO 2020-12-11 09:16:09 - Date Of Execution:2020/12/11 9:16:09
INFO 2020-12-11 09:16:24 - =======================================================
INFO 2020-12-11 09:16:24 - Machine Name:DESKTOP-BH53L8T
INFO 2020-12-11 09:16:24 - Date Of Execution:2020/12/11 9:16:24
INFO 2020-12-11 09:16:38 - =======================================================
INFO 2020-12-11 09:16:38 - Machine Name:DESKTOP-BH53L8T
INFO 2020-12-11 09:16:38 - Date Of Execution:2020/12/11 9:16:38
INFO 2020-12-11 09:16:55 - =======================================================
INFO 2020-12-11 09:16:55 - Machine Name:DESKTOP-BH53L8T
INFO 2020-12-11 09:16:55 - Date Of Execution:2020/12/11 9:16:55
INFO 2020-12-11 09:17:10 - =======================================================
INFO 2020-12-11 09:17:10 - Machine Name:DESKTOP-BH53L8T
INFO 2020-12-11 09:17:10 - Date Of Execution:2020/12/11 9:17:10
INFO 2020-12-11 09:17:25 - =======================================================
INFO 2020-12-11 09:17:25 - Machine Name:DESKTOP-BH53L8T
INFO 2020-12-11 09:17:25 - Date Of Execution:2020/12/11 9:17:25
INFO 2020-12-11 09:17:40 - =======================================================
INFO 2020-12-11 09:17:40 - Machine Name:DESKTOP-BH53L8T
INFO 2020-12-11 09:17:40 - Date Of Execution:2020/12/11 9:17:40
INFO 2020-12-11 09:17:56 - =======================================================
INFO 2020-12-11 09:17:56 - Machine Name:DESKTOP-BH53L8T
INFO 2020-12-11 09:17:56 - Date Of Execution:2020/12/11 9:17:56
INFO 2020-12-11 09:18:11 - =======================================================
INFO 2020-12-11 09:18:11 - Machine Name:DESKTOP-BH53L8T
INFO 2020-12-11 09:18:11 - Date Of Execution:2020/12/11 9:18:11
INFO 2020-12-11 09:18:25 - =======================================================
INFO 2020-12-11 09:18:25 - Machine Name:DESKTOP-BH53L8T
INFO 2020-12-11 09:18:25 - Date Of Execution:2020/12/11 9:18:25
INFO 2020-12-22 11:34:58 - =======================================================
INFO 2020-12-22 11:34:58 - Machine Name:DESKTOP-BH53L8T
INFO 2020-12-22 11:34:58 - Date Of Execution:2020/12/22 11:34:58
INFO 2020-12-22 11:35:03 - =======================================================
INFO 2020-12-22 11:35:03 - Machine Name:DESKTOP-BH53L8T
INFO 2020-12-22 11:35:03 - Date Of Execution:2020/12/22 11:35:03
INFO 2021-01-04 16:40:21 - =======================================================
INFO 2021-01-04 16:40:21 - Machine Name:DESKTOP-BH53L8T
INFO 2021-01-04 16:40:21 - Date Of Execution:2021/1/4 16:40:21
INFO 2021-01-04 16:40:27 - =======================================================
INFO 2021-01-04 16:40:27 - Machine Name:DESKTOP-BH53L8T
INFO 2021-01-04 16:40:27 - Date Of Execution:2021/1/4 16:40:27
INFO 2021-01-06 15:44:20 - =======================================================
INFO 2021-01-06 15:44:20 - Machine Name:DESKTOP-BH53L8T
INFO 2021-01-06 15:44:20 - Date Of Execution:2021/1/6 15:44:20
INFO 2021-01-06 15:44:33 - =======================================================
INFO 2021-01-06 15:44:33 - Machine Name:DESKTOP-BH53L8T
INFO 2021-01-06 15:44:33 - Date Of Execution:2021/1/6 15:44:33
INFO 2021-01-14 10:06:49 - =======================================================
INFO 2021-01-14 10:06:49 - Machine Name:DESKTOP-BH53L8T
INFO 2021-01-14 10:06:49 - Date Of Execution:2021/1/14 10:06:49
INFO 2021-01-14 10:06:54 - =======================================================
INFO 2021-01-14 10:06:54 - Machine Name:DESKTOP-BH53L8T
INFO 2021-01-14 10:06:54 - Date Of Execution:2021/1/14 10:06:54
INFO 2021-01-15 10:14:11 - =======================================================
INFO 2021-01-15 10:14:11 - Machine Name:DESKTOP-BH53L8T
INFO 2021-01-15 10:14:11 - Date Of Execution:2021/1/15 10:14:11
INFO 2021-01-15 10:14:17 - =======================================================
INFO 2021-01-15 10:14:17 - Machine Name:DESKTOP-BH53L8T
INFO 2021-01-15 10:14:17 - Date Of Execution:2021/1/15 10:14:17
INFO 2021-01-15 10:15:08 - =======================================================
INFO 2021-01-15 10:15:08 - Machine Name:DESKTOP-BH53L8T
INFO 2021-01-15 10:15:08 - Date Of Execution:2021/1/15 10:15:08
INFO 2021-02-03 16:57:14 - =======================================================
INFO 2021-02-03 16:57:14 - Machine Name:DESKTOP-BH53L8T
INFO 2021-02-03 16:57:14 - Date Of Execution:2021/2/3 16:57:14
INFO 2021-02-03 16:57:19 - =======================================================
INFO 2021-02-03 16:57:19 - Machine Name:DESKTOP-BH53L8T
INFO 2021-02-03 16:57:19 - Date Of Execution:2021/2/3 16:57:19
INFO 2021-02-07 10:33:47 - =======================================================
INFO 2021-02-07 10:33:47 - Machine Name:DESKTOP-BH53L8T
INFO 2021-02-07 10:33:47 - Date Of Execution:2021/2/7 10:33:47
INFO 2021-02-07 10:33:52 - =======================================================
INFO 2021-02-07 10:33:52 - Machine Name:DESKTOP-BH53L8T
INFO 2021-02-07 10:33:52 - Date Of Execution:2021/2/7 10:33:52
INFO 2021-02-07 14:08:09 - =======================================================
INFO 2021-02-07 14:08:09 - Machine Name:DESKTOP-BH53L8T
INFO 2021-02-07 14:08:09 - Date Of Execution:2021/2/7 14:08:09
INFO 2021-02-07 14:08:14 - =======================================================
INFO 2021-02-07 14:08:14 - Machine Name:DESKTOP-BH53L8T
INFO 2021-02-07 14:08:14 - Date Of Execution:2021/2/7 14:08:14
INFO 2021-02-26 16:22:57 - =======================================================
INFO 2021-02-26 16:22:58 - Machine Name:DESKTOP-BH53L8T
INFO 2021-02-26 16:22:58 - Date Of Execution:2021-2-26 16:22:58
INFO 2021-02-26 16:23:03 - =======================================================
INFO 2021-02-26 16:23:03 - Machine Name:DESKTOP-BH53L8T
INFO 2021-02-26 16:23:03 - Date Of Execution:2021-2-26 16:23:03
INFO 2021-02-26 16:24:46 - =======================================================
INFO 2021-02-26 16:24:46 - Machine Name:DESKTOP-BH53L8T
INFO 2021-02-26 16:24:46 - Date Of Execution:2021-2-26 16:24:46
INFO 2021-02-26 16:24:50 - =======================================================
INFO 2021-02-26 16:24:50 - Machine Name:DESKTOP-BH53L8T
INFO 2021-02-26 16:24:50 - Date Of Execution:2021-2-26 16:24:50
INFO 2021-03-01 16:44:36 - =======================================================
INFO 2021-03-01 16:44:36 - Machine Name:DESKTOP-BH53L8T
INFO 2021-03-01 16:44:36 - Date Of Execution:2021-3-1 16:44:36
INFO 2021-03-01 16:44:43 - =======================================================
INFO 2021-03-01 16:44:43 - Machine Name:DESKTOP-BH53L8T
INFO 2021-03-01 16:44:43 - Date Of Execution:2021-3-1 16:44:43
INFO 2021-03-01 16:58:35 - =======================================================
INFO 2021-03-01 16:58:35 - Machine Name:DESKTOP-BH53L8T
INFO 2021-03-01 16:58:35 - Date Of Execution:2021-3-1 16:58:35
INFO 2021-03-01 16:58:40 - =======================================================
INFO 2021-03-01 16:58:40 - Machine Name:DESKTOP-BH53L8T
INFO 2021-03-01 16:58:40 - Date Of Execution:2021-3-1 16:58:40
INFO 2021-03-27 13:35:25 - =======================================================
INFO 2021-03-27 13:35:25 - Machine Name:DESKTOP-BH53L8T
INFO 2021-03-27 13:35:25 - Date Of Execution:2021-3-27 13:35:25
INFO 2021-03-27 13:35:31 - =======================================================
INFO 2021-03-27 13:35:31 - Machine Name:DESKTOP-BH53L8T
INFO 2021-03-27 13:35:31 - Date Of Execution:2021-3-27 13:35:31
INFO 2021-03-27 13:36:08 - =======================================================
INFO 2021-03-27 13:36:08 - Machine Name:DESKTOP-BH53L8T
INFO 2021-03-27 13:36:08 - Date Of Execution:2021-3-27 13:36:08
INFO 2021-03-27 13:46:41 - =======================================================
INFO 2021-03-27 13:46:41 - Machine Name:DESKTOP-BH53L8T
INFO 2021-03-27 13:46:41 - Date Of Execution:2021-3-27 13:46:41
INFO 2021-03-27 13:46:45 - =======================================================
INFO 2021-03-27 13:46:45 - Machine Name:DESKTOP-BH53L8T
INFO 2021-03-27 13:46:45 - Date Of Execution:2021-3-27 13:46:45
INFO 2021-03-31 15:02:06 - =======================================================
INFO 2021-03-31 15:02:06 - Machine Name:DESKTOP-BH53L8T
INFO 2021-03-31 15:02:06 - Date Of Execution:2021-3-31 15:02:06
INFO 2021-03-31 15:02:11 - =======================================================
INFO 2021-03-31 15:02:11 - Machine Name:DESKTOP-BH53L8T
INFO 2021-03-31 15:02:11 - Date Of Execution:2021-3-31 15:02:11
INFO 2021-03-31 15:03:07 - =======================================================
INFO 2021-03-31 15:03:07 - Machine Name:DESKTOP-BH53L8T
INFO 2021-03-31 15:03:07 - Date Of Execution:2021-3-31 15:03:07
INFO 2021-03-31 15:03:36 - =======================================================
INFO 2021-03-31 15:03:36 - Machine Name:DESKTOP-BH53L8T
INFO 2021-03-31 15:03:36 - Date Of Execution:2021-3-31 15:03:36
INFO 2021-04-01 14:51:38 - =======================================================
INFO 2021-04-01 14:51:38 - Machine Name:DESKTOP-BH53L8T
INFO 2021-04-01 14:51:38 - Date Of Execution:2021-4-1 14:51:38
INFO 2021-04-01 14:51:43 - =======================================================
INFO 2021-04-01 14:51:43 - Machine Name:DESKTOP-BH53L8T
INFO 2021-04-01 14:51:43 - Date Of Execution:2021-4-1 14:51:43
INFO 2021-04-01 14:52:07 - =======================================================
INFO 2021-04-01 14:52:07 - Machine Name:DESKTOP-BH53L8T
INFO 2021-04-01 14:52:07 - Date Of Execution:2021-4-1 14:52:07
INFO 2021-04-18 20:03:27 - =======================================================
INFO 2021-04-18 20:03:27 - Machine Name:DESKTOP-BH53L8T
INFO 2021-04-18 20:03:27 - Date Of Execution:2021-4-18 20:03:27
INFO 2021-04-18 20:03:31 - =======================================================
INFO 2021-04-18 20:03:31 - Machine Name:DESKTOP-BH53L8T
INFO 2021-04-18 20:03:31 - Date Of Execution:2021-4-18 20:03:31
INFO 2021-04-18 20:04:04 - =======================================================
INFO 2021-04-18 20:04:04 - Machine Name:DESKTOP-BH53L8T
INFO 2021-04-18 20:04:04 - Date Of Execution:2021-4-18 20:04:04
INFO 2021-04-30 20:32:17 - =======================================================
INFO 2021-04-30 20:32:17 - Machine Name:DESKTOP-BH53L8T
INFO 2021-04-30 20:32:17 - Date Of Execution:2021-4-30 20:32:17
INFO 2021-04-30 20:32:23 - =======================================================
INFO 2021-04-30 20:32:23 - Machine Name:DESKTOP-BH53L8T
INFO 2021-04-30 20:32:23 - Date Of Execution:2021-4-30 20:32:23
INFO 2021-04-30 20:33:18 - =======================================================
INFO 2021-04-30 20:33:18 - Machine Name:DESKTOP-BH53L8T
INFO 2021-04-30 20:33:18 - Date Of Execution:2021-4-30 20:33:18
INFO 2021-04-30 20:38:15 - =======================================================
INFO 2021-04-30 20:38:15 - Machine Name:DESKTOP-BH53L8T
INFO 2021-04-30 20:38:15 - Date Of Execution:2021-4-30 20:38:15
INFO 2021-04-30 20:38:36 - =======================================================
INFO 2021-04-30 20:38:36 - Machine Name:DESKTOP-BH53L8T
INFO 2021-04-30 20:38:36 - Date Of Execution:2021-4-30 20:38:36
INFO 2021-04-30 20:39:00 - =======================================================
INFO 2021-04-30 20:39:00 - Machine Name:DESKTOP-BH53L8T
INFO 2021-04-30 20:39:00 - Date Of Execution:2021-4-30 20:39:00
INFO 2021-04-30 20:39:22 - =======================================================
INFO 2021-04-30 20:39:22 - Machine Name:DESKTOP-BH53L8T
INFO 2021-04-30 20:39:22 - Date Of Execution:2021-4-30 20:39:22
INFO 2021-04-30 20:39:41 - =======================================================
INFO 2021-04-30 20:39:41 - Machine Name:DESKTOP-BH53L8T
INFO 2021-04-30 20:39:41 - Date Of Execution:2021-4-30 20:39:41
INFO 2021-05-06 14:20:29 - =======================================================
INFO 2021-05-06 14:20:29 - Machine Name:DESKTOP-BH53L8T
INFO 2021-05-06 14:20:29 - Date Of Execution:2021-5-6 14:20:29
INFO 2021-05-06 14:20:34 - =======================================================
INFO 2021-05-06 14:20:34 - Machine Name:DESKTOP-BH53L8T
INFO 2021-05-06 14:20:34 - Date Of Execution:2021-5-6 14:20:34
INFO 2021-06-25 14:52:34 - =======================================================
INFO 2021-06-25 14:52:34 - Machine Name:DESKTOP-BH53L8T
INFO 2021-06-25 14:52:34 - Date Of Execution:2021/6/25 14:52:34
INFO 2021-06-25 14:52:40 - =======================================================
INFO 2021-06-25 14:52:40 - Machine Name:DESKTOP-BH53L8T
INFO 2021-06-25 14:52:40 - Date Of Execution:2021/6/25 14:52:40
INFO 2021-08-31 09:47:32 - =======================================================
INFO 2021-08-31 09:47:32 - Machine Name:DESKTOP-BH53L8T
INFO 2021-08-31 09:47:32 - Date Of Execution:2021/8/31 9:47:32
INFO 2021-08-31 09:47:37 - =======================================================
INFO 2021-08-31 09:47:37 - Machine Name:DESKTOP-BH53L8T
INFO 2021-08-31 09:47:37 - Date Of Execution:2021/8/31 9:47:37
INFO 2021-09-14 15:02:02 - =======================================================
INFO 2021-09-14 15:02:02 - Machine Name:DESKTOP-BH53L8T
INFO 2021-09-14 15:02:02 - Date Of Execution:2021/9/14 15:02:02
INFO 2021-09-14 15:02:11 - =======================================================
INFO 2021-09-14 15:02:11 - Machine Name:DESKTOP-BH53L8T
INFO 2021-09-14 15:02:11 - Date Of Execution:2021/9/14 15:02:11
INFO 2021-09-27 16:32:03 - =======================================================
INFO 2021-09-27 16:32:03 - Machine Name:DESKTOP-BH53L8T
INFO 2021-09-27 16:32:03 - Date Of Execution:2021/9/27 16:32:03
INFO 2021-09-27 16:32:08 - =======================================================
INFO 2021-09-27 16:32:08 - Machine Name:DESKTOP-BH53L8T
INFO 2021-09-27 16:32:08 - Date Of Execution:2021/9/27 16:32:08
INFO 2021-09-28 16:44:08 - =======================================================
INFO 2021-09-28 16:44:08 - Machine Name:DESKTOP-BH53L8T
INFO 2021-09-28 16:44:08 - Date Of Execution:2021/9/28 16:44:08
INFO 2021-09-28 16:44:13 - =======================================================
INFO 2021-09-28 16:44:13 - Machine Name:DESKTOP-BH53L8T
INFO 2021-09-28 16:44:13 - Date Of Execution:2021/9/28 16:44:13
INFO 2021-11-04 15:40:24 - =======================================================
INFO 2021-11-04 15:40:24 - Machine Name:DESKTOP-BH53L8T
INFO 2021-11-04 15:40:24 - Date Of Execution:2021/11/4 15:40:24
INFO 2021-11-04 15:40:29 - =======================================================
INFO 2021-11-04 15:40:29 - Machine Name:DESKTOP-BH53L8T
INFO 2021-11-04 15:40:29 - Date Of Execution:2021/11/4 15:40:29
INFO 2021-11-04 15:41:12 - =======================================================
INFO 2021-11-04 15:41:12 - Machine Name:DESKTOP-BH53L8T
INFO 2021-11-04 15:41:12 - Date Of Execution:2021/11/4 15:41:12
INFO 2021-11-04 15:41:48 - =======================================================
INFO 2021-11-04 15:41:48 - Machine Name:DESKTOP-BH53L8T
INFO 2021-11-04 15:41:48 - Date Of Execution:2021/11/4 15:41:48
INFO 2021-11-04 15:54:24 - =======================================================
INFO 2021-11-04 15:54:24 - Machine Name:DESKTOP-BH53L8T
INFO 2021-11-04 15:54:24 - Date Of Execution:2021/11/4 15:54:24
INFO 2021-11-04 15:54:52 - =======================================================
INFO 2021-11-04 15:54:52 - Machine Name:DESKTOP-BH53L8T
INFO 2021-11-04 15:54:52 - Date Of Execution:2021/11/4 15:54:52
INFO 2021-11-08 17:19:47 - =======================================================
INFO 2021-11-08 17:19:47 - Machine Name:DESKTOP-BH53L8T
INFO 2021-11-08 17:19:47 - Date Of Execution:2021/11/8 17:19:47
INFO 2021-11-08 17:19:52 - =======================================================
INFO 2021-11-08 17:19:52 - Machine Name:DESKTOP-BH53L8T
INFO 2021-11-08 17:19:52 - Date Of Execution:2021/11/8 17:19:52
INFO 2021-11-12 16:50:11 - =======================================================
INFO 2021-11-12 16:50:11 - Machine Name:DESKTOP-BH53L8T
INFO 2021-11-12 16:50:11 - Date Of Execution:2021/11/12 16:50:11
INFO 2021-11-12 16:50:16 - =======================================================
INFO 2021-11-12 16:50:16 - Machine Name:DESKTOP-BH53L8T
INFO 2021-11-12 16:50:16 - Date Of Execution:2021/11/12 16:50:16
INFO 2021-11-22 09:35:16 - =======================================================
INFO 2021-11-22 09:35:16 - Machine Name:DESKTOP-BH53L8T
INFO 2021-11-22 09:35:16 - Date Of Execution:2021/11/22 9:35:16
INFO 2021-11-22 09:35:21 - =======================================================
INFO 2021-11-22 09:35:21 - Machine Name:DESKTOP-BH53L8T
INFO 2021-11-22 09:35:21 - Date Of Execution:2021/11/22 9:35:21
INFO 2021-11-22 09:36:14 - =======================================================
INFO 2021-11-22 09:36:14 - Machine Name:DESKTOP-BH53L8T
INFO 2021-11-22 09:36:14 - Date Of Execution:2021/11/22 9:36:14
INFO 2021-11-22 09:36:45 - =======================================================
INFO 2021-11-22 09:36:45 - Machine Name:DESKTOP-BH53L8T
INFO 2021-11-22 09:36:45 - Date Of Execution:2021/11/22 9:36:45
INFO 2021-11-22 09:37:16 - =======================================================
INFO 2021-11-22 09:37:16 - Machine Name:DESKTOP-BH53L8T
INFO 2021-11-22 09:37:16 - Date Of Execution:2021/11/22 9:37:16
INFO 2021-11-22 09:37:44 - =======================================================
INFO 2021-11-22 09:37:44 - Machine Name:DESKTOP-BH53L8T
INFO 2021-11-22 09:37:44 - Date Of Execution:2021/11/22 9:37:44
INFO 2021-11-22 09:38:18 - =======================================================
INFO 2021-11-22 09:38:18 - Machine Name:DESKTOP-BH53L8T
INFO 2021-11-22 09:38:18 - Date Of Execution:2021/11/22 9:38:18
INFO 2021-12-03 15:25:07 - =======================================================
INFO 2021-12-03 15:25:07 - Machine Name:DESKTOP-BH53L8T
INFO 2021-12-03 15:25:07 - Date Of Execution:2021/12/3 15:25:07
INFO 2021-12-03 15:25:12 - =======================================================
INFO 2021-12-03 15:25:12 - Machine Name:DESKTOP-BH53L8T
INFO 2021-12-03 15:25:12 - Date Of Execution:2021/12/3 15:25:12
INFO 2022-01-12 10:15:23 - =======================================================
INFO 2022-01-12 10:15:23 - Machine Name:DESKTOP-BH53L8T
INFO 2022-01-12 10:15:23 - Date Of Execution:2022/1/12 10:15:23
INFO 2022-01-12 10:15:28 - =======================================================
INFO 2022-01-12 10:15:28 - Machine Name:DESKTOP-BH53L8T
INFO 2022-01-12 10:15:28 - Date Of Execution:2022/1/12 10:15:28
INFO 2022-01-13 16:18:07 - =======================================================
INFO 2022-01-13 16:18:07 - Machine Name:DESKTOP-BH53L8T
INFO 2022-01-13 16:18:07 - Date Of Execution:2022/1/13 16:18:07
INFO 2022-01-13 16:18:11 - =======================================================
INFO 2022-01-13 16:18:11 - Machine Name:DESKTOP-BH53L8T
INFO 2022-01-13 16:18:11 - Date Of Execution:2022/1/13 16:18:11
INFO 2022-02-23 16:03:07 - =======================================================
INFO 2022-02-23 16:03:07 - Machine Name:DESKTOP-BH53L8T
INFO 2022-02-23 16:03:07 - Date Of Execution:2022/2/23 16:03:07
INFO 2022-02-23 16:03:12 - =======================================================
INFO 2022-02-23 16:03:12 - Machine Name:DESKTOP-BH53L8T
INFO 2022-02-23 16:03:12 - Date Of Execution:2022/2/23 16:03:12
INFO 2022-02-23 16:03:42 - =======================================================
INFO 2022-02-23 16:03:42 - Machine Name:DESKTOP-BH53L8T
INFO 2022-02-23 16:03:42 - Date Of Execution:2022/2/23 16:03:42
INFO 2022-02-23 16:04:08 - =======================================================
INFO 2022-02-23 16:04:08 - Machine Name:DESKTOP-BH53L8T
INFO 2022-02-23 16:04:08 - Date Of Execution:2022/2/23 16:04:08
INFO 2022-02-23 16:04:47 - =======================================================
INFO 2022-02-23 16:04:47 - Machine Name:DESKTOP-BH53L8T
INFO 2022-02-23 16:04:47 - Date Of Execution:2022/2/23 16:04:47
INFO 2022-02-23 16:05:06 - =======================================================
INFO 2022-02-23 16:05:06 - Machine Name:DESKTOP-BH53L8T
INFO 2022-02-23 16:05:06 - Date Of Execution:2022/2/23 16:05:06
INFO 2022-03-09 15:24:38 - =======================================================
INFO 2022-03-09 15:24:38 - Machine Name:DESKTOP-BH53L8T
INFO 2022-03-09 15:24:38 - Date Of Execution:2022/3/9 15:24:38
INFO 2022-03-09 15:24:45 - =======================================================
INFO 2022-03-09 15:24:45 - Machine Name:DESKTOP-BH53L8T
INFO 2022-03-09 15:24:45 - Date Of Execution:2022/3/9 15:24:45
INFO 2022-03-09 15:25:10 - =======================================================
INFO 2022-03-09 15:25:10 - Machine Name:DESKTOP-BH53L8T
INFO 2022-03-09 15:25:10 - Date Of Execution:2022/3/9 15:25:10
INFO 2022-03-09 15:25:33 - =======================================================
INFO 2022-03-09 15:25:33 - Machine Name:DESKTOP-BH53L8T
INFO 2022-03-09 15:25:33 - Date Of Execution:2022/3/9 15:25:33
INFO 2022-04-02 14:17:36 - =======================================================
INFO 2022-04-02 14:17:36 - Machine Name:DESKTOP-BH53L8T
INFO 2022-04-02 14:17:36 - Date Of Execution:2022/4/2 14:17:36
INFO 2022-04-02 14:17:41 - =======================================================
INFO 2022-04-02 14:17:41 - Machine Name:DESKTOP-BH53L8T
INFO 2022-04-02 14:17:41 - Date Of Execution:2022/4/2 14:17:41
INFO 2022-04-02 14:18:06 - =======================================================
INFO 2022-04-02 14:18:06 - Machine Name:DESKTOP-BH53L8T
INFO 2022-04-02 14:18:06 - Date Of Execution:2022/4/2 14:18:06
INFO 2022-05-12 09:56:26 - =======================================================
INFO 2022-05-12 09:56:26 - Machine Name:DESKTOP-BH53L8T
INFO 2022-05-12 09:56:26 - Date Of Execution:2022/5/12 9:56:26
INFO 2022-05-12 09:56:31 - =======================================================
INFO 2022-05-12 09:56:31 - Machine Name:DESKTOP-BH53L8T
INFO 2022-05-12 09:56:31 - Date Of Execution:2022/5/12 9:56:31
INFO 2022-05-12 09:57:19 - =======================================================
INFO 2022-05-12 09:57:19 - Machine Name:DESKTOP-BH53L8T
INFO 2022-05-12 09:57:19 - Date Of Execution:2022/5/12 9:57:19
INFO 2022-05-12 09:57:49 - =======================================================
INFO 2022-05-12 09:57:49 - Machine Name:DESKTOP-BH53L8T
INFO 2022-05-12 09:57:49 - Date Of Execution:2022/5/12 9:57:49
INFO 2022-05-12 09:58:13 - =======================================================
INFO 2022-05-12 09:58:13 - Machine Name:DESKTOP-BH53L8T
INFO 2022-05-12 09:58:13 - Date Of Execution:2022/5/12 9:58:13
INFO 2022-07-15 17:29:16 - =======================================================
INFO 2022-07-15 17:29:16 - Machine Name:DESKTOP-BH53L8T
INFO 2022-07-15 17:29:16 - Date Of Execution:2022/7/15 17:29:16
INFO 2022-07-15 17:29:22 - =======================================================
INFO 2022-07-15 17:29:22 - Machine Name:DESKTOP-BH53L8T
INFO 2022-07-15 17:29:22 - Date Of Execution:2022/7/15 17:29:22
INFO 2022-07-25 09:30:40 - =======================================================
INFO 2022-07-25 09:30:40 - Machine Name:DESKTOP-BH53L8T
INFO 2022-07-25 09:30:40 - Date Of Execution:2022/7/25 9:30:40
INFO 2022-07-25 09:30:45 - =======================================================
INFO 2022-07-25 09:30:45 - Machine Name:DESKTOP-BH53L8T
INFO 2022-07-25 09:30:45 - Date Of Execution:2022/7/25 9:30:45
INFO 2022-07-26 14:59:37 - =======================================================
INFO 2022-07-26 14:59:37 - Machine Name:DESKTOP-BH53L8T
INFO 2022-07-26 14:59:37 - Date Of Execution:2022/7/26 14:59:37
INFO 2022-07-26 14:59:44 - =======================================================
INFO 2022-07-26 14:59:44 - Machine Name:DESKTOP-BH53L8T
INFO 2022-07-26 14:59:44 - Date Of Execution:2022/7/26 14:59:44
INFO 2022-08-22 17:52:50 - =======================================================
INFO 2022-08-22 17:52:50 - Machine Name:DESKTOP-BH53L8T
INFO 2022-08-22 17:52:50 - Date Of Execution:2022/8/22 17:52:50
INFO 2022-08-22 17:52:56 - =======================================================
INFO 2022-08-22 17:52:56 - Machine Name:DESKTOP-BH53L8T
INFO 2022-08-22 17:52:56 - Date Of Execution:2022/8/22 17:52:56
INFO 2022-08-26 17:09:28 - =======================================================
INFO 2022-08-26 17:09:29 - Machine Name:DESKTOP-BH53L8T
INFO 2022-08-26 17:09:29 - Date Of Execution:2022/8/26 17:09:29
INFO 2022-08-26 17:09:33 - =======================================================
INFO 2022-08-26 17:09:33 - Machine Name:DESKTOP-BH53L8T
INFO 2022-08-26 17:09:33 - Date Of Execution:2022/8/26 17:09:33
INFO 2022-10-31 16:29:30 - =======================================================
INFO 2022-10-31 16:29:30 - Machine Name:DESKTOP-BH53L8T
INFO 2022-10-31 16:29:30 - Date Of Execution:2022/10/31 16:29:30
INFO 2022-10-31 16:29:35 - =======================================================
INFO 2022-10-31 16:29:35 - Machine Name:DESKTOP-BH53L8T
INFO 2022-10-31 16:29:35 - Date Of Execution:2022/10/31 16:29:35
INFO 2022-11-22 15:46:28 - =======================================================
INFO 2022-11-22 15:46:28 - Machine Name:DESKTOP-BH53L8T
INFO 2022-11-22 15:46:28 - Date Of Execution:2022/11/22 15:46:28
INFO 2022-11-22 15:46:33 - =======================================================
INFO 2022-11-22 15:46:33 - Machine Name:DESKTOP-BH53L8T
INFO 2022-11-22 15:46:33 - Date Of Execution:2022/11/22 15:46:33
INFO 2023-01-31 10:52:36 - =======================================================
INFO 2023-01-31 10:52:36 - Machine Name:DESKTOP-BH53L8T
INFO 2023-01-31 10:52:36 - Date Of Execution:2023/1/31 10:52:36
INFO 2023-01-31 10:52:41 - =======================================================
INFO 2023-01-31 10:52:41 - Machine Name:DESKTOP-BH53L8T
INFO 2023-01-31 10:52:41 - Date Of Execution:2023/1/31 10:52:41
INFO 2023-03-22 10:56:26 - =======================================================
INFO 2023-03-22 10:56:26 - Machine Name:DESKTOP-BH53L8T
INFO 2023-03-22 10:56:26 - Date Of Execution:2023/3/22 10:56:26
INFO 2023-03-22 10:56:30 - =======================================================
INFO 2023-03-22 10:56:30 - Machine Name:DESKTOP-BH53L8T
INFO 2023-03-22 10:56:30 - Date Of Execution:2023/3/22 10:56:30
INFO 2023-04-06 20:25:22 - =======================================================
INFO 2023-04-06 20:25:22 - Machine Name:DESKTOP-BH53L8T
INFO 2023-04-06 20:25:22 - Date Of Execution:2023/4/6 20:25:22
INFO 2023-04-06 20:25:28 - =======================================================
INFO 2023-04-06 20:25:28 - Machine Name:DESKTOP-BH53L8T
INFO 2023-04-06 20:25:28 - Date Of Execution:2023/4/6 20:25:28
INFO 2023-05-17 09:19:15 - =======================================================
INFO 2023-05-17 09:19:15 - Machine Name:DESKTOP-BH53L8T
INFO 2023-05-17 09:19:15 - Date Of Execution:2023/5/17 9:19:15
INFO 2023-05-17 09:19:22 - =======================================================
INFO 2023-05-17 09:19:22 - Machine Name:DESKTOP-BH53L8T
INFO 2023-05-17 09:19:22 - Date Of Execution:2023/5/17 9:19:22
INFO 2023-12-15 11:09:04 - =======================================================
INFO 2023-12-15 11:09:04 - Machine Name:DESKTOP-GHQTQL9
INFO 2023-12-15 11:09:04 - Date Of Execution:2023/12/15 11:09:04
INFO 2023-12-15 11:09:10 - =======================================================
INFO 2023-12-15 11:09:10 - Machine Name:DESKTOP-GHQTQL9
INFO 2023-12-15 11:09:10 - Date Of Execution:2023/12/15 11:09:10
INFO 2023-12-15 11:16:32 - =======================================================
INFO 2023-12-15 11:16:32 - Machine Name:DESKTOP-GHQTQL9
INFO 2023-12-15 11:16:32 - Date Of Execution:2023/12/15 11:16:32
INFO 2023-12-15 11:16:36 - =======================================================
INFO 2023-12-15 11:16:36 - Machine Name:DESKTOP-GHQTQL9
INFO 2023-12-15 11:16:36 - Date Of Execution:2023/12/15 11:16:36
